<?xml version="1.0" encoding="UTF-8"?>
<Site BuildName="(empty)"
	BuildStamp="20240613-0822-Experimental"
	Name="victhor"
	Generator="ctest-3.16.3"
	CompilerName="/usr/bin/c++"
	CompilerVersion="9.4.0"
	OSName="Linux"
	Hostname="victhor"
	OSRelease="5.15.0-102-generic"
	OSVersion="#112~20.04.1-Ubuntu SMP Thu Mar 14 14:28:24 UTC 2024"
	OSPlatform="x86_64"
	Is64Bits="1"
	VendorString="GenuineIntel"
	VendorID="Intel Corporation"
	FamilyID="6"
	ModelID="140"
	ProcessorCacheSize="8192"
	NumberOfLogicalCPU="8"
	NumberOfPhysicalCPU="4"
	TotalVirtualMemory="2047"
	TotalPhysicalMemory="7681"
	LogicalProcessorsPerPhysical="2"
	ProcessorClockFrequency="1958.81"
	>
	<Testing>
		<StartDateTime>Jun 13 11:48 CEST</StartDateTime>
		<StartTestTime>1718272122</StartTestTime>
		<TestList/>
		<EndDateTime>Jun 13 11:48 CEST</EndDateTime>
		<EndTestTime>1718272122</EndTestTime>
		<ElapsedMinutes>0</ElapsedMinutes>
	</Testing>
</Site>
